<?xml version="1.0" encoding="UTF-8"?>
<testng-results ignored="0" total="1" passed="1" failed="0" skipped="0">
  <reporter-output>
  </reporter-output>
  <suite started-at="2024-09-10T17:06:40 IST" name="Default suite" finished-at="2024-09-10T17:06:58 IST" duration-ms="17749">
    <groups>
    </groups>
    <test started-at="2024-09-10T17:06:40 IST" name="Default test" finished-at="2024-09-10T17:06:58 IST" duration-ms="17749">
      <class name="test.Errormessage">
        <test-method signature="enterwrongpassword()[pri:0, instance:test.Errormessage@4d154ccd]" started-at="2024-09-10T17:06:41 IST" name="enterwrongpassword" finished-at="2024-09-10T17:06:58 IST" duration-ms="17670" status="PASS">
          <reporter-output>
          </reporter-output>
        </test-method> <!-- enterwrongpassword -->
      </class> <!-- test.Errormessage -->
    </test> <!-- Default test -->
  </suite> <!-- Default suite -->
</testng-results>
